CleanArchitectureStudy/presentation/build/outputs/mapping/debug/seeds.txt
com.example.cleanarchitecturestudy.DataBinderMapperImpl
com.example.cleanarchitecturestudy.view.MainActivity
com.example.cleanarchitecturestudy.view.MainActivity: MainActivity()
com.example.cleanarchitecturestudy.DataBinderMapperImpl: DataBinderMapperImpl()
com.example.cleanarchitecturestudy.view.MainActivity: void btnClick(android.view.View)
...
androidx.appcompat.widget.LinearLayoutCompat: void setBaselineAlignedChildIndex(int)
com.google.android.material.button.MaterialButton: android.graphics.drawable.Drawable getIcon()
com.google.android.material.floatingactionbutton.FloatingActionButton: void setMaxImageSize(int)
com.bumptech.glide.MemoryCategory: com.bumptech.glide.MemoryCategory valueOf(java.lang.String)
com.google.android.material.chip.Chip: android.graphics.drawable.Drawable getChipDrawable()
androidx.core.view.ViewCompat$Api16Impl: void postOnAnimation(android.view.View,java.lang.Runnable)
com.google.android.material.textfield.TextInputLayout: void setErrorIconOnLongClickListener(android.view.View$OnLongClickListener)
com.google.android.material.bottomappbar.BottomAppBar: void setNavigationIcon(android.graphics.drawable.Drawable)
androidx.vectordrawable.graphics.drawable.VectorDrawableCompat$VectorDrawableCompatState: int getChangingConfigurations()
androidx.core.view.WindowInsetsCompat$BuilderImpl30: WindowInsetsCompat$BuilderImpl30()
androidx.appcompat.widget.AppCompatTextView: androidx.core.text.PrecomputedTextCompat$Params getTextMetricsParamsCompat()
androidx.core.view.WindowInsetsCompat$Impl29: androidx.core.graphics.Insets getSystemGestureInsets()
androidx.appcompat.view.menu.ListMenuItemView: void setChecked(boolean)
com.google.android.material.chip.Chip: void setCloseIconVisible(int)
com.google.android.material.appbar.MaterialToolbar: void setSubtitleCentered(boolean)
com.google.android.material.floatingactionbutton.FloatingActionButton: void setScaleY(float)
com.google.android.material.appbar.AppBarLayout: android.graphics.drawable.Drawable getStatusBarForeground()
androidx.core.content.ContextCompat$Api21Impl: java.io.File getCodeCacheDir(android.content.Context)
com.google.android.material.internal.ForegroundLinearLayout: ForegroundLinearLayout(android.content.Context,android.util.AttributeSet)
androidx.lifecycle.ReportFragment$LifecycleCallbacks: void registerIn(android.app.Activity)
com.google.android.material.appbar.AppBarLayout: void setLiftOnScroll(boolean)
com.example.moviesearch.view.MovieSearchViewModel$MessageSet: com.example.moviesearch.view.MovieSearchViewModel$MessageSet[] values()
androidx.appcompat.widget.AppCompatSpinner: android.content.Context getPopupContext()
androidx.appcompat.widget.AppCompatAutoCompleteTextView: void setSupportBackgroundTintList(android.content.res.ColorStateList)
androidx.appcompat.view.menu.ListMenuItemView: void setSubMenuArrowVisible(boolean)
com.google.android.material.textfield.TextInputLayout: android.widget.TextView getPrefixTextView()
com.google.android.material.chip.Chip: android.graphics.drawable.Drawable getCloseIcon()
androidx.core.view.ViewCompat$Api21Impl: java.lang.String getTransitionName(android.view.View)
androidx.appcompat.widget.AppCompatEditText: android.view.ActionMode$Callback getCustomSelectionActionModeCallback()
androidx.core.app.AppOpsManagerCompat$Api29Impl: int checkOpNoThrow(android.app.AppOpsManager,java.lang.String,int,java.lang.String)
kotlin.LazyThreadSafetyMode: kotlin.LazyThreadSafetyMode valueOf(java.lang.String)
androidx.core.view.WindowInsetsCompat$BuilderImpl30: WindowInsetsCompat$BuilderImpl30(androidx.core.view.WindowInsetsCompat)
androidx.core.view.WindowInsetsCompat$Impl: void copyWindowDataInto(androidx.core.view.WindowInsetsCompat)
androidx.core.view.ViewCompat$Api21Impl: void stopNestedScroll(android.view.View)
androidx.recyclerview.widget.RecyclerView: androidx.recyclerview.widget.RecyclerView$LayoutManager getLayoutManager()
androidx.appcompat.widget.AppCompatButton: void setSupportBackgroundTintMode(android.graphics.PorterDuff$Mode)
com.google.android.material.chip.ChipGroup: void setOnHierarchyChangeListener(android.view.ViewGroup$OnHierarchyChangeListener)
androidx.appcompat.widget.LinearLayoutCompat: int getGravity()
androidx.appcompat.widget.AppCompatTextView: int getAutoSizeMaxTextSize()