CleanArchitectureStudy/presentation/build/outputs/mapping/debug/mapping.txt
# compiler: R8
# compiler_version: 2.2.66
# min_api: 31
# pg_map_id: 820f376
# common_typos_disable
com.example.cleanarchitecturestudy.DataBinderMapperImpl -> com.example.cleanarchitecturestudy.DataBinderMapperImpl:
    android.util.SparseIntArray INTERNAL_LAYOUT_ID_LOOKUP -> a
    23:27:void <clinit>() -> <clinit>
    20:20:void <init>() -> <init>
    83:90:java.util.List collectDependencies() -> a
    31:46:androidx.databinding.ViewDataBinding getDataBinder(androidx.databinding.DataBindingComponent,android.view.View,int) -> b
    51:63:androidx.databinding.ViewDataBinding getDataBinder(androidx.databinding.DataBindingComponent,android.view.View[],int) -> c
com.example.cleanarchitecturestudy.coordinator.Coordinator -> c.b.a.a.a:
    18:18:void <init>() -> <init>
    20:35:void changeActivity(android.content.Context,java.lang.String) -> a
com.example.cleanarchitecturestudy.databinding.ActivityMainBinding -> c.b.a.b.a:
    25:28:void <init>(java.lang.Object,android.view.View,int,android.widget.Button,android.widget.Button) -> <init>
com.example.cleanarchitecturestudy.databinding.ActivityMainBindingImpl -> c.b.a.b.b:
    android.util.SparseIntArray sViewsWithIds -> u
    androidx.constraintlayout.widget.ConstraintLayout mboundView0 -> v
    long mDirtyFlags -> w
    15:19:void <clinit>() -> <clinit>
    29:30:void <init>(androidx.databinding.DataBindingComponent,android.view.View) -> <init>
    32:86:void <init>(androidx.databinding.DataBindingComponent,android.view.View,java.lang.Object[]) -> <init>
    45:49:void invalidateAll() -> H
    76:82:void executeBindings() -> l
    53:58:boolean hasPendingBindings() -> s
    69:71:boolean onFieldChange(int,java.lang.Object,int) -> w
com.example.cleanarchitecturestudy.module.-$$Lambda$ApiModuleKt$apiModule$1$5$OziOSP_jWGABEfHQy0hWfsl8djg -> c.b.a.c.a:
# {"id":"sourceFile","fileName":"lambda"}
    com.example.cleanarchitecturestudy.module.-$$Lambda$ApiModuleKt$apiModule$1$5$OziOSP_jWGABEfHQy0hWfsl8djg INSTANCE -> a
    okhttp3.Response intercept(okhttp3.Interceptor$Chain) -> a
com.example.cleanarchitecturestudy.module.ApiModuleKt -> c.b.a.c.b:
    org.koin.core.module.Module apiModule -> a
    24:24:void <clinit>() -> <clinit>
    24:24:org.koin.core.module.Module getApiModule() -> a
com.example.cleanarchitecturestudy.module.ApiModuleKt$apiModule$1 -> c.b.a.c.b$a:
    com.example.cleanarchitecturestudy.module.ApiModuleKt$apiModule$1 INSTANCE -> e
    28:173:void invoke(org.koin.core.module.Module) -> a
    24:24:java.lang.Object invoke(java.lang.Object) -> o
com.example.cleanarchitecturestudy.module.ApiModuleKt$apiModule$1$1 -> c.b.a.c.b$a$a:
    com.example.cleanarchitecturestudy.module.ApiModuleKt$apiModule$1$1 INSTANCE -> e
    28:77:com.example.data.api.ApiInterface invoke(org.koin.core.scope.Scope,org.koin.core.parameter.DefinitionParameters) -> a
    28:28:java.lang.Object invoke(java.lang.Object,java.lang.Object) -> l
com.example.cleanarchitecturestudy.module.ApiModuleKt$apiModule$1$2 -> c.b.a.c.b$a$b:
    com.example.cleanarchitecturestudy.module.ApiModuleKt$apiModule$1$2 INSTANCE -> e
    32:81:retrofit2.Retrofit invoke(org.koin.core.scope.Scope,org.koin.core.parameter.DefinitionParameters) -> a
    31:31:java.lang.Object invoke(java.lang.Object,java.lang.Object) -> l
com.example.cleanarchitecturestudy.module.ApiModuleKt$apiModule$1$3 -> c.b.a.c.b$a$c:
    com.example.cleanarchitecturestudy.module.ApiModuleKt$apiModule$1$3 INSTANCE -> e
    41:41:retrofit2.converter.gson.GsonConverterFactory invoke(org.koin.core.scope.Scope,org.koin.core.parameter.DefinitionParameters) -> a
    41:41:java.lang.Object invoke(java.lang.Object,java.lang.Object) -> l
com.example.cleanarchitecturestudy.module.ApiModuleKt$apiModule$1$4 -> c.b.a.c.b$a$d:
    com.example.cleanarchitecturestudy.module.ApiModuleKt$apiModule$1$4 INSTANCE -> e
    44:77:okhttp3.OkHttpClient invoke(org.koin.core.scope.Scope,org.koin.core.parameter.DefinitionParameters) -> a
    43:43:java.lang.Object invoke(java.lang.Object,java.lang.Object) -> l
...
kotlinx.coroutines.flow.SubscribedFlowCollector$onSubscription$1 -> f.a.n2.y$a:
    java.lang.Object L$1 -> h
    java.lang.Object result -> i
    java.lang.Object L$0 -> g
    int label -> k
    kotlinx.coroutines.flow.SubscribedFlowCollector this$0 -> j
    java.lang.Object invokeSuspend(java.lang.Object) -> t
kotlinx.coroutines.flow.ThrowingCollector -> f.a.n2.z:
    207:207:java.lang.Object emit(java.lang.Object,kotlin.coroutines.Continuation) -> h
kotlinx.coroutines.flow.internal.AbortFlowException -> f.a.n2.a0.a:
    kotlinx.coroutines.flow.FlowCollector owner -> d
    10:12:void <init>(kotlinx.coroutines.flow.FlowCollector) -> <init>
    11:11:kotlinx.coroutines.flow.FlowCollector getOwner() -> a
    15:32:java.lang.Throwable fillInStackTrace() -> fillInStackTrace
kotlinx.coroutines.flow.internal.AbstractSharedFlow -> f.a.n2.a0.b:
    kotlinx.coroutines.flow.internal.AbstractSharedFlowSlot[] slots -> d
    int nextIndex -> f
    int nCollectors -> e
    22:22:void <init>() -> <init>
    22:22:int access$getNCollectors(kotlinx.coroutines.flow.internal.AbstractSharedFlow) -> b
    22:22:kotlinx.coroutines.flow.internal.AbstractSharedFlowSlot[] access$getSlots(kotlinx.coroutines.flow.internal.AbstractSharedFlow) -> d
    46:105:kotlinx.coroutines.flow.internal.AbstractSharedFlowSlot allocateSlot() -> e
    kotlinx.coroutines.flow.internal.AbstractSharedFlowSlot createSlot() -> f
    kotlinx.coroutines.flow.internal.AbstractSharedFlowSlot[] createSlotArray(int) -> i
    77:106:void freeSlot(kotlinx.coroutines.flow.internal.AbstractSharedFlowSlot) -> j
    26:26:int getNCollectors() -> k
    24:24:kotlinx.coroutines.flow.internal.AbstractSharedFlowSlot[] getSlots() -> l
kotlinx.coroutines.flow.internal.AbstractSharedFlowKt -> f.a.n2.a0.c:
    kotlin.coroutines.Continuation[] EMPTY_RESUMES -> a
    15:15:void <clinit>() -> <clinit>
kotlinx.coroutines.flow.internal.AbstractSharedFlowSlot -> f.a.n2.a0.d:
    17:17:void <init>() -> <init>
    boolean allocateLocked(java.lang.Object) -> a
    kotlin.coroutines.Continuation[] freeLocked(java.lang.Object) -> b
kotlinx.coroutines.flow.internal.DownstreamExceptionElement -> f.a.n2.a0.e:
    kotlin.coroutines.CoroutineContext$Key key -> f
    kotlinx.coroutines.flow.internal.DownstreamExceptionElement$Key Key -> d
    128:131:void <init>(java.lang.Throwable) -> <init>
    128:128:java.lang.Object fold(java.lang.Object,kotlin.jvm.functions.Function2) -> fold
    128:128:kotlin.coroutines.CoroutineContext$Element get(kotlin.coroutines.CoroutineContext$Key) -> get
    131:131:kotlin.coroutines.CoroutineContext$Key getKey() -> getKey
    128:128:kotlin.coroutines.CoroutineContext minusKey(kotlin.coroutines.CoroutineContext$Key) -> minusKey
    128:128:kotlin.coroutines.CoroutineContext plus(kotlin.coroutines.CoroutineContext) -> plus
kotlinx.coroutines.flow.internal.DownstreamExceptionElement$Key -> f.a.n2.a0.e$a:
    129:129:void <init>() -> <init>
kotlinx.coroutines.flow.internal.FlowExceptions_commonKt -> f.a.n2.a0.f:
    21:22:void checkOwnership(kotlinx.coroutines.flow.internal.AbortFlowException,kotlinx.coroutines.flow.FlowCollector) -> a
kotlinx.coroutines.flow.internal.NoOpContinuation -> f.a.n2.a0.g:
    kotlinx.coroutines.flow.internal.NoOpContinuation INSTANCE -> d
    kotlin.coroutines.CoroutineContext context -> e
    135:135:void <clinit>() -> <clinit>
    134:134:void <init>() -> <init>
    135:135:kotlin.coroutines.CoroutineContext getContext() -> d
    139:139:void resumeWith(java.lang.Object) -> i
kotlinx.coroutines.flow.internal.NullSurrogateKt -> f.a.n2.a0.h:
    kotlinx.coroutines.internal.Symbol NULL -> a
    18:34:void <clinit>() -> <clinit>