CleanArchitectureStudy/presentation/build/outputs/mapping/debug/usage.txt
com.example.cleanarchitecturestudy.BR
com.example.cleanarchitecturestudy.BuildConfig
com.example.cleanarchitecturestudy.DataBinderMapperImpl$InnerBrLookup
com.example.cleanarchitecturestudy.DataBinderMapperImpl$InnerLayoutIdLookup
com.example.cleanarchitecturestudy.DataBinderMapperImpl:
    private static final int LAYOUT_ACTIVITYMAIN
    public java.lang.String convertBrIdToString(int)
    public int getLayoutId(java.lang.String)
com.example.cleanarchitecturestudy.DataBindingTriggerClass
com.example.cleanarchitecturestudy.R$anim
com.example.cleanarchitecturestudy.R$animator
com.example.cleanarchitecturestudy.R$attr
com.example.cleanarchitecturestudy.R$bool
com.example.cleanarchitecturestudy.R$color
com.example.cleanarchitecturestudy.R$dimen
com.example.cleanarchitecturestudy.R$drawable
com.example.cleanarchitecturestudy.R$id
com.example.cleanarchitecturestudy.R$integer
com.example.cleanarchitecturestudy.R$interpolator
com.example.cleanarchitecturestudy.R$layout
com.example.cleanarchitecturestudy.R$menu
com.example.cleanarchitecturestudy.R$mipmap
com.example.cleanarchitecturestudy.R$navigation
com.example.cleanarchitecturestudy.R$plurals
com.example.cleanarchitecturestudy.R$string
com.example.cleanarchitecturestudy.R$style
com.example.cleanarchitecturestudy.R$styleable
com.example.cleanarchitecturestudy.R$xml
com.example.cleanarchitecturestudy.R
com.example.cleanarchitecturestudy.databinding.ActivityMainBinding:
    public static com.example.cleanarchitecturestudy.databinding.ActivityMainBinding bind(android.view.View)
    public static com.example.cleanarchitecturestudy.databinding.ActivityMainBinding bind(android.view.View,java.lang.Object)
    public static com.example.cleanarchitecturestudy.databinding.ActivityMainBinding inflate(android.view.LayoutInflater)
    public static com.example.cleanarchitecturestudy.databinding.ActivityMainBinding inflate(android.view.LayoutInflater,android.view.ViewGroup,boolean)
    public static com.example.cleanarchitecturestudy.databinding.ActivityMainBinding inflate(android.view.LayoutInflater,android.view.ViewGroup,boolean,java.lang.Object)
    public static com.example.cleanarchitecturestudy.databinding.ActivityMainBinding inflate(android.view.LayoutInflater,java.lang.Object)
com.example.cleanarchitecturestudy.databinding.ActivityMainBindingImpl:
    public boolean setVariable(int,java.lang.Object)
com.example.cleanarchitecturestudy.databinding.ActivityMainBinding:
    public final android.widget.Button moveBtn
    public final android.widget.Button searchBtn
com.example.cleanarchitecturestudy.databinding.ActivityMainBindingImpl:
    public static final androidx.databinding.ViewDataBinding$IncludedLayouts sIncludes
com.example.cleanarchitecturestudy.view.MainViewModel:
    public final com.example.core.base.navi.Navigation navigation
...
androidx.core.view.ViewCompat$UnhandledKeyEventManager:
    static void registerListeningView(android.view.View)
    static void unregisterListeningView(android.view.View)
androidx.core.view.ViewCompat:
    public static final int ACCESSIBILITY_LIVE_REGION_ASSERTIVE
    public static final int ACCESSIBILITY_LIVE_REGION_NONE
    public static final int ACCESSIBILITY_LIVE_REGION_POLITE
    public static final int IMPORTANT_FOR_ACCESSIBILITY_AUTO
    public static final int IMPORTANT_FOR_ACCESSIBILITY_NO
    public static final int IMPORTANT_FOR_ACCESSIBILITY_NO_HIDE_DESCENDANTS
    public static final int IMPORTANT_FOR_ACCESSIBILITY_YES
    public static final int LAYER_TYPE_HARDWARE
    public static final int LAYER_TYPE_NONE
    public static final int LAYER_TYPE_SOFTWARE
    public static final int LAYOUT_DIRECTION_INHERIT
    public static final int LAYOUT_DIRECTION_LOCALE
    public static final int LAYOUT_DIRECTION_LTR
    public static final int LAYOUT_DIRECTION_RTL
    public static final int MEASURED_HEIGHT_STATE_SHIFT
    public static final int MEASURED_SIZE_MASK
    public static final int MEASURED_STATE_MASK
    public static final int MEASURED_STATE_TOO_SMALL
    public static final int OVER_SCROLL_ALWAYS
    public static final int OVER_SCROLL_IF_CONTENT_SCROLLS
    public static final int OVER_SCROLL_NEVER
    public static final int SCROLL_AXIS_HORIZONTAL
    public static final int SCROLL_AXIS_NONE
    public static final int SCROLL_AXIS_VERTICAL
    public static final int SCROLL_INDICATOR_BOTTOM
    public static final int SCROLL_INDICATOR_END
    public static final int SCROLL_INDICATOR_LEFT
androidx.core.view.ViewConfigurationCompat:
    private static final java.lang.String TAG
    private void <init>()
    public static int getScaledPagingTouchSlop(android.view.ViewConfiguration)
    public static boolean hasPermanentMenuKey(android.view.ViewConfiguration)
androidx.core.view.ViewGroupCompat:
    public static final int LAYOUT_MODE_CLIP_BOUNDS
    public static final int LAYOUT_MODE_OPTICAL_BOUNDS
    private void <init>()
    public static int getLayoutMode(android.view.ViewGroup)
    public static int getNestedScrollAxes(android.view.ViewGroup)
    public static boolean onRequestSendAccessibilityEvent(android.view.ViewGroup,android.view.View,android.view.accessibility.AccessibilityEvent)
    public static void setLayoutMode(android.view.ViewGroup,int)
    public static void setMotionEventSplittingEnabled(android.view.ViewGroup,boolean)
    public static void setTransitionGroup(android.view.ViewGroup,boolean)
androidx.core.view.ViewGroupKt$children$1
androidx.core.view.ViewGroupKt$descendants$1
androidx.core.view.ViewGroupKt$iterator$1
androidx.core.view.ViewGroupKt
androidx.core.view.ViewKt$allViews$1
androidx.core.view.ViewKt$ancestors$1
androidx.core.view.ViewKt$doOnAttach$1
androidx.core.view.ViewKt$doOnDetach$1
androidx.core.view.ViewKt$doOnLayout$$inlined$doOnNextLayout$1
androidx.core.view.ViewKt$doOnNextLayout$1
androidx.core.view.ViewKt$doOnPreDraw$1
androidx.core.view.ViewKt$postDelayed$runnable$1
androidx.core.view.ViewKt$postOnAnimationDelayed$runnable$1
androidx.core.view.ViewKt